<?xml version="1.0" encoding="UTF-8"?>
<!-- Generated by org.testng.reporters.JUnitReportReporter -->
<testsuite hostname="shritanvatsa" name="com.MavenProject.AppTest" tests="1" failures="0" timestamp="13 Aug 2016 10:31:20 GMT" time="0.016" errors="0">
  <testcase name="TestWelcomeMsg" time="0.016" classname="com.MavenProject.AppTest"/>
</testsuite> <!-- com.MavenProject.AppTest -->
