<?xml version="1.0" encoding="UTF-8"?>
<!-- Generated by org.testng.reporters.JUnitReportReporter -->
<testsuite hostname="shritanvatsa" name="com.MavenProject.AppTest" tests="1" failures="0" timestamp="3 Aug 2016 05:29:13 GMT" time="0.019" errors="0">
  <testcase name="TestWelcomeMsg" time="0.019" classname="com.MavenProject.AppTest"/>
</testsuite> <!-- com.MavenProject.AppTest -->
